<?xml version="1.0" encoding="UTF-8"?>
<!-- Generated by org.testng.reporters.JUnitReportReporter -->
<testsuite hostname="ndi-lap-728" failures="0" tests="1" name="com.stageEngage.testCases.TC_EngageLogin_001" time="40.227" errors="0" timestamp="2021-04-13T17:39:55 IST" skipped="0">
  <testcase classname="com.stageEngage.testCases.TC_EngageLogin_001" name="engageLogin" time="40.227"/>
  <system-out/>
</testsuite> <!-- com.stageEngage.testCases.TC_EngageLogin_001 -->
