<?xml version="1.0" encoding="UTF-8"?>
<!-- Generated by org.testng.reporters.JUnitReportReporter -->
<testsuite hostname="ndi-lap-728" failures="0" tests="1" name="com.stageEngage.testCases.TC_AddProduct_EmptyFields_006" time="4.663" errors="0" timestamp="2021-04-16T00:18:11 IST" skipped="0">
  <testcase classname="com.stageEngage.testCases.TC_AddProduct_EmptyFields_006" name="OtherDetailsEmptyFields" time="4.663"/>
  <system-out/>
</testsuite> <!-- com.stageEngage.testCases.TC_AddProduct_EmptyFields_006 -->
